{"/home/ITRANSITION.CORP/o.karpach/Desktop/rgh/working/test.js":{"path":"/home/ITRANSITION.CORP/o.karpach/Desktop/rgh/working/test.js","s":{"1":1,"2":0,"3":1},"b":{},"f":{"1":0},"fnMap":{"1":{"name":"getValue","line":1,"loc":{"start":{"line":1,"column":0},"end":{"line":1,"column":20}}}},"statementMap":{"1":{"start":{"line":1,"column":0},"end":{"line":3,"column":1}},"2":{"start":{"line":2,"column":2},"end":{"line":2,"column":11}},"3":{"start":{"line":5,"column":0},"end":{"line":7,"column":2}}},"branchMap":{}}}